<?xml version="1.0" encoding="UTF-8"?>
<testng-results ignored="0" total="4" passed="3" failed="1" skipped="0">
  <reporter-output>
  </reporter-output>
  <suite started-at="2023-03-23T15:11:27 IST" name="Default suite" finished-at="2023-03-23T15:13:11 IST" duration-ms="104140">
    <groups>
      <group name="cucumber">
        <method signature="AbstractTestNGCucumberTests.runScenario(io.cucumber.testng.PickleWrapper,io.cucumber.testng.FeatureWrapper)[pri:0, instance:com.runner.TestRunner@5f049ea1]" name="runScenario" class="io.cucumber.testng.AbstractTestNGCucumberTests"/>
      </group> <!-- cucumber -->
    </groups>
    <test started-at="2023-03-23T15:11:27 IST" name="Default test" finished-at="2023-03-23T15:13:11 IST" duration-ms="104140">
      <class name="com.runner.TestRunner">
        <test-method is-config="true" signature="setUpClass(org.testng.ITestContext)[pri:0, instance:com.runner.TestRunner@5f049ea1]" started-at="2023-03-23T15:11:27 IST" name="setUpClass" finished-at="2023-03-23T15:11:28 IST" duration-ms="505" status="PASS">
          <params>
            <param index="0">
              <value>
                <![CDATA[org.testng.TestRunner@671ea6ff]]>
              </value>
            </param>
          </params>
          <reporter-output>
          </reporter-output>
        </test-method> <!-- setUpClass -->
        <test-method signature="runScenario(io.cucumber.testng.PickleWrapper,io.cucumber.testng.FeatureWrapper)[pri:0, instance:com.runner.TestRunner@5f049ea1]" started-at="2023-03-23T15:11:28 IST" name="runScenario" description="Runs Cucumber Scenarios" data-provider="scenarios" finished-at="2023-03-23T15:11:28 IST" duration-ms="268" status="FAIL">
          <params>
            <param index="0">
              <value>
                <![CDATA["User enters details"]]>
              </value>
            </param>
            <param index="1">
              <value>
                <![CDATA["Book A Hotel"]]>
              </value>
            </param>
          </params>
          <exception class="java.lang.NullPointerException">
            <message>
              <![CDATA[Cannot invoke "org.openqa.selenium.SearchContext.findElement(org.openqa.selenium.By)" because "this.searchContext" is null]]>
            </message>
            <full-stacktrace>
              <![CDATA[java.lang.NullPointerException: Cannot invoke "org.openqa.selenium.SearchContext.findElement(org.openqa.selenium.By)" because "this.searchContext" is null
at org.openqa.selenium.support.pagefactory.DefaultElementLocator.findElement(DefaultElementLocator.java:70)
at org.openqa.selenium.support.pagefactory.internal.LocatingElementHandler.invoke(LocatingElementHandler.java:39)
at jdk.proxy2/jdk.proxy2.$Proxy20.sendKeys(Unknown Source)
at com.step.StepDefinition.user_enters_the_details_and_and_and_and_and_and_and(StepDefinition.java:74)
at ✽.User enters the details "Abidha" and "Saju" and "No.15,West Street ,Navalur,Chennai" and "1234567890098765" and "Other" and "June" and "2022" and "684"(file:///C:/Users/SAJU%20P%20L/Selenium-Automation/AdactinDemo/src/test/resources/features/bookHotel.feature:4)
]]>
            </full-stacktrace>
          </exception> <!-- java.lang.NullPointerException -->
          <reporter-output>
          </reporter-output>
        </test-method> <!-- runScenario -->
        <test-method signature="runScenario(io.cucumber.testng.PickleWrapper,io.cucumber.testng.FeatureWrapper)[pri:0, instance:com.runner.TestRunner@5f049ea1]" started-at="2023-03-23T15:11:28 IST" name="runScenario" description="Runs Cucumber Scenarios" data-provider="scenarios" finished-at="2023-03-23T15:12:25 IST" duration-ms="56443" status="PASS">
          <params>
            <param index="0">
              <value>
                <![CDATA["Validate Login Page"]]>
              </value>
            </param>
            <param index="1">
              <value>
                <![CDATA["Adactin Page Validation"]]>
              </value>
            </param>
          </params>
          <reporter-output>
          </reporter-output>
        </test-method> <!-- runScenario -->
        <test-method signature="runScenario(io.cucumber.testng.PickleWrapper,io.cucumber.testng.FeatureWrapper)[pri:0, instance:com.runner.TestRunner@5f049ea1]" started-at="2023-03-23T15:12:25 IST" name="runScenario" description="Runs Cucumber Scenarios" data-provider="scenarios" finished-at="2023-03-23T15:12:48 IST" duration-ms="23870" status="PASS">
          <params>
            <param index="0">
              <value>
                <![CDATA["Select which Hotel"]]>
              </value>
            </param>
            <param index="1">
              <value>
                <![CDATA["Select the Hotel"]]>
              </value>
            </param>
          </params>
          <reporter-output>
          </reporter-output>
        </test-method> <!-- runScenario -->
        <test-method signature="runScenario(io.cucumber.testng.PickleWrapper,io.cucumber.testng.FeatureWrapper)[pri:0, instance:com.runner.TestRunner@5f049ea1]" started-at="2023-03-23T15:12:48 IST" name="runScenario" description="Runs Cucumber Scenarios" data-provider="scenarios" finished-at="2023-03-23T15:13:11 IST" duration-ms="22866" status="PASS">
          <params>
            <param index="0">
              <value>
                <![CDATA[""]]>
              </value>
            </param>
            <param index="1">
              <value>
                <![CDATA["Select the Hotel"]]>
              </value>
            </param>
          </params>
          <reporter-output>
          </reporter-output>
        </test-method> <!-- runScenario -->
        <test-method is-config="true" signature="tearDownClass()[pri:0, instance:com.runner.TestRunner@5f049ea1]" started-at="2023-03-23T15:13:11 IST" name="tearDownClass" finished-at="2023-03-23T15:13:11 IST" duration-ms="43" status="PASS">
          <reporter-output>
          </reporter-output>
        </test-method> <!-- tearDownClass -->
      </class> <!-- com.runner.TestRunner -->
    </test> <!-- Default test -->
  </suite> <!-- Default suite -->
</testng-results>
